c:\users\thund\onedrive\documents\of_v0.12.0_vs_release\apps\myapps\andyedit1\obj\x64\debug\build\src\debug\imagesample.obj
c:\users\thund\onedrive\documents\of_v0.12.0_vs_release\apps\myapps\andyedit1\obj\x64\debug\build\src\debug\scrollbar.obj
c:\users\thund\onedrive\documents\of_v0.12.0_vs_release\apps\myapps\andyedit1\obj\x64\debug\build\src\debug\colorselect.obj
c:\users\thund\onedrive\documents\of_v0.12.0_vs_release\apps\myapps\andyedit1\obj\x64\debug\build\src\debug\ofapp.obj
c:\users\thund\onedrive\documents\of_v0.12.0_vs_release\apps\myapps\andyedit1\obj\x64\debug\build\src\debug\imagehandler.obj
c:\users\thund\onedrive\documents\of_v0.12.0_vs_release\apps\myapps\andyedit1\obj\x64\debug\build\src\debug\fillpat.obj
c:\users\thund\onedrive\documents\of_v0.12.0_vs_release\apps\myapps\andyedit1\obj\x64\debug\build\src\debug\main.obj
c:\users\thund\onedrive\documents\of_v0.12.0_vs_release\apps\myapps\andyedit1\obj\x64\debug\vc143.pdb
c:\users\thund\onedrive\documents\of_v0.12.0_vs_release\apps\myapps\andyedit1\obj\x64\debug\build\src\debug\imageselect.obj
c:\users\thund\onedrive\documents\of_v0.12.0_vs_release\apps\myapps\andyedit1\obj\x64\debug\icon.res
c:\users\thund\onedrive\documents\of_v0.12.0_vs_release\apps\myapps\andyedit1\bin\andyedit1_debug.exe
c:\users\thund\onedrive\documents\of_v0.12.0_vs_release\apps\myapps\andyedit1\obj\x64\debug\andyedit1.tlog\cl.command.1.tlog
c:\users\thund\onedrive\documents\of_v0.12.0_vs_release\apps\myapps\andyedit1\obj\x64\debug\andyedit1.tlog\cl.items.tlog
c:\users\thund\onedrive\documents\of_v0.12.0_vs_release\apps\myapps\andyedit1\obj\x64\debug\andyedit1.tlog\cl.read.1.tlog
c:\users\thund\onedrive\documents\of_v0.12.0_vs_release\apps\myapps\andyedit1\obj\x64\debug\andyedit1.tlog\cl.write.1.tlog
c:\users\thund\onedrive\documents\of_v0.12.0_vs_release\apps\myapps\andyedit1\obj\x64\debug\andyedit1.tlog\link.command.1.tlog
c:\users\thund\onedrive\documents\of_v0.12.0_vs_release\apps\myapps\andyedit1\obj\x64\debug\andyedit1.tlog\link.read.1.tlog
c:\users\thund\onedrive\documents\of_v0.12.0_vs_release\apps\myapps\andyedit1\obj\x64\debug\andyedit1.tlog\link.secondary.1.tlog
c:\users\thund\onedrive\documents\of_v0.12.0_vs_release\apps\myapps\andyedit1\obj\x64\debug\andyedit1.tlog\link.write.1.tlog
c:\users\thund\onedrive\documents\of_v0.12.0_vs_release\apps\myapps\andyedit1\obj\x64\debug\andyedit1.tlog\rc.command.1.tlog
c:\users\thund\onedrive\documents\of_v0.12.0_vs_release\apps\myapps\andyedit1\obj\x64\debug\andyedit1.tlog\rc.read.1.tlog
c:\users\thund\onedrive\documents\of_v0.12.0_vs_release\apps\myapps\andyedit1\obj\x64\debug\andyedit1.tlog\rc.write.1.tlog
